<?xml version="1.0" encoding="UTF-8"?>
<testsuite xmlns:xsi="http://www.w3.org/2001/XMLSchema-instance" xsi:noNamespaceSchemaLocation="https://maven.apache.org/surefire/maven-surefire-plugin/xsd/surefire-test-report.xsd" name="com.company.FileStorage.FileDBTest" time="0.273" tests="11" errors="0" skipped="0" failures="0">
  <properties>
    <property name="java.specification.version" value="14"/>
    <property name="sun.cpu.isalist" value="amd64"/>
    <property name="sun.jnu.encoding" value="Cp1252"/>
    <property name="java.class.path" value="C:\Users\Girimass\eclipse-workspace\servlet\FileStorage\target\test-classes;C:\Users\Girimass\eclipse-workspace\servlet\FileStorage\target\classes;C:\Users\Girimass\.m2\repository\junit\junit\4.11\junit-4.11.jar;C:\Users\Girimass\.m2\repository\org\hamcrest\hamcrest-core\1.3\hamcrest-core-1.3.jar;C:\Users\Girimass\.m2\repository\com\google\code\gson\gson\2.8.6\gson-2.8.6.jar;"/>
    <property name="java.vm.vendor" value="Oracle Corporation"/>
    <property name="sun.arch.data.model" value="64"/>
    <property name="user.variant" value=""/>
    <property name="java.vendor.url" value="https://java.oracle.com/"/>
    <property name="user.timezone" value="Asia/Calcutta"/>
    <property name="os.name" value="Windows 10"/>
    <property name="java.vm.specification.version" value="14"/>
    <property name="sun.java.launcher" value="SUN_STANDARD"/>
    <property name="user.country" value="IN"/>
    <property name="sun.boot.library.path" value="C:\Program Files\Java\jdk-14.0.1\bin"/>
    <property name="sun.java.command" value="C:\Users\Girimass\AppData\Local\Temp\surefire11032014088399627421\surefirebooter15986702605056821441.jar C:\Users\Girimass\AppData\Local\Temp\surefire11032014088399627421 2021-01-01T18-52-06_663-jvmRun1 surefire16112785673237385539tmp surefire_013758216429296792806tmp"/>
    <property name="jdk.debug" value="release"/>
    <property name="surefire.test.class.path" value="C:\Users\Girimass\eclipse-workspace\servlet\FileStorage\target\test-classes;C:\Users\Girimass\eclipse-workspace\servlet\FileStorage\target\classes;C:\Users\Girimass\.m2\repository\junit\junit\4.11\junit-4.11.jar;C:\Users\Girimass\.m2\repository\org\hamcrest\hamcrest-core\1.3\hamcrest-core-1.3.jar;C:\Users\Girimass\.m2\repository\com\google\code\gson\gson\2.8.6\gson-2.8.6.jar;"/>
    <property name="sun.cpu.endian" value="little"/>
    <property name="user.home" value="C:\Users\Girimass"/>
    <property name="user.language" value="en"/>
    <property name="java.specification.vendor" value="Oracle Corporation"/>
    <property name="java.version.date" value="2020-04-14"/>
    <property name="java.home" value="C:\Program Files\Java\jdk-14.0.1"/>
    <property name="file.separator" value="\"/>
    <property name="basedir" value="C:\Users\Girimass\eclipse-workspace\servlet\FileStorage"/>
    <property name="java.vm.compressedOopsMode" value="32-bit"/>
    <property name="line.separator" value="&#10;"/>
    <property name="java.vm.specification.vendor" value="Oracle Corporation"/>
    <property name="java.specification.name" value="Java Platform API Specification"/>
    <property name="surefire.real.class.path" value="C:\Users\Girimass\AppData\Local\Temp\surefire11032014088399627421\surefirebooter15986702605056821441.jar"/>
    <property name="user.script" value=""/>
    <property name="sun.management.compiler" value="HotSpot 64-Bit Tiered Compilers"/>
    <property name="java.runtime.version" value="14.0.1+7"/>
    <property name="user.name" value="Girimass"/>
    <property name="path.separator" value=";"/>
    <property name="os.version" value="10.0"/>
    <property name="java.runtime.name" value="Java(TM) SE Runtime Environment"/>
    <property name="file.encoding" value="Cp1252"/>
    <property name="java.vm.name" value="Java HotSpot(TM) 64-Bit Server VM"/>
    <property name="localRepository" value="C:\Users\Girimass\.m2\repository"/>
    <property name="java.vendor.url.bug" value="https://bugreport.java.com/bugreport/"/>
    <property name="java.io.tmpdir" value="C:\Users\Girimass\AppData\Local\Temp\"/>
    <property name="java.version" value="14.0.1"/>
    <property name="user.dir" value="C:\Users\Girimass\eclipse-workspace\servlet\FileStorage"/>
    <property name="os.arch" value="amd64"/>
    <property name="java.vm.specification.name" value="Java Virtual Machine Specification"/>
    <property name="sun.os.patch.level" value=""/>
    <property name="java.library.path" value="C:\Program Files\Java\jdk-14.0.1\bin;C:\WINDOWS\Sun\Java\bin;C:\WINDOWS\system32;C:\WINDOWS;C:\WINDOWS\system32;C:\WINDOWS;C:\WINDOWS\System32\Wbem;C:\WINDOWS\System32\WindowsPowerShell\v1.0\;C:\Program Files\Intel\WiFi\bin\;C:\Program Files\Common Files\Intel\WirelessCommon\;C:\WINDOWS\System32\OpenSSH\;C:\Program Files\apache-maven-3.6.3\bin;C:\Program Files\Java\jdk-14.0.1\bin;C:\Program Files\apache-maven-3.6.3\bin;C:\Program Files\Java\jdk-14.0.1;C:\Program Files\apache-maven-3.6.3\bin;C:\Program Files\Git\cmd;C:\Program Files\Gradle\gradle-6.4.1\bin;;."/>
    <property name="java.vm.info" value="mixed mode, sharing"/>
    <property name="java.vendor" value="Oracle Corporation"/>
    <property name="java.vm.version" value="14.0.1+7"/>
    <property name="sun.io.unicode.encoding" value="UnicodeLittle"/>
    <property name="java.class.version" value="58.0"/>
  </properties>
  <testcase name="createWithKey" classname="com.company.FileStorage.FileDBTest" time="0.078"/>
  <testcase name="getTest" classname="com.company.FileStorage.FileDBTest" time="0.003"/>
  <testcase name="createWithTime" classname="com.company.FileStorage.FileDBTest" time="0.008"/>
  <testcase name="getNullTest" classname="com.company.FileStorage.FileDBTest" time="0"/>
  <testcase name="notProperDirectorytest" classname="com.company.FileStorage.FileDBTest" time="0"/>
  <testcase name="createWithoutKeyempty" classname="com.company.FileStorage.FileDBTest" time="0"/>
  <testcase name="createWithoutKey" classname="com.company.FileStorage.FileDBTest" time="0"/>
  <testcase name="createWithKeyinPath" classname="com.company.FileStorage.FileDBTest" time="0.004"/>
  <testcase name="createWithExixtsKey" classname="com.company.FileStorage.FileDBTest" time="0.004"/>
  <testcase name="deleteTest" classname="com.company.FileStorage.FileDBTest" time="0.012"/>
  <testcase name="createWithoutKeysize" classname="com.company.FileStorage.FileDBTest" time="0"/>
</testsuite>